{
  "stats": {
    "suites": 1,
    "tests": 3,
    "passes": 3,
    "pending": 0,
    "failures": 0,
    "start": "2024-09-08T22:00:09.014Z",
    "end": "2024-09-08T22:00:48.805Z",
    "duration": 39791,
    "testsRegistered": 3,
    "passPercent": 100,
    "pendingPercent": 0,
    "other": 0,
    "hasOther": false,
    "skipped": 0,
    "hasSkipped": false
  },
  "results": [
    {
      "uuid": "2ef718ae-432a-4f45-a31d-bab56d521615",
      "title": "",
      "fullFile": "cypress\\e2e\\features\\product\\ProductPurchase.cy.js",
      "file": "cypress\\e2e\\features\\product\\ProductPurchase.cy.js",
      "beforeHooks": [],
      "afterHooks": [],
      "tests": [],
      "suites": [
        {
          "uuid": "1c7d027b-b8b3-4582-ae2c-3c078e86e033",
          "title": "Product purchase",
          "fullFile": "",
          "file": "",
          "beforeHooks": [],
          "afterHooks": [],
          "tests": [
            {
              "title": "Login user ADMIN",
              "fullTitle": "Product purchase Login user ADMIN",
              "timedOut": null,
              "duration": 7137,
              "state": "passed",
              "speed": "medium",
              "pass": true,
              "fail": false,
              "pending": false,
              "context": null,
              "code": "(0, _loginGeneral.loginAdmin)();",
              "err": {},
              "uuid": "73b1a5c3-a2dc-4c0d-b571-177ec8ad6681",
              "parentUUID": "1c7d027b-b8b3-4582-ae2c-3c078e86e033",
              "isHook": false,
              "skipped": false
            },
            {
              "title": "Product purchase with ADMIN",
              "fullTitle": "Product purchase Product purchase with ADMIN",
              "timedOut": null,
              "duration": 24066,
              "state": "passed",
              "speed": "slow",
              "pass": true,
              "fail": false,
              "pending": false,
              "context": null,
              "code": "(0, _loginGeneral.loginAdmin)();\n_ProductPage.default.clickProductLbl();\n_ProductPage.default.clickProductsByImages();\n_ProductPage.default.fillQuantityProductImput();\nutilities.completePurchase();\nutilities.fillCardData();\n_ProductPage.default.clickPayBtn();\n_ProductPage.default.validateCheckoutProductLbl();",
              "err": {},
              "uuid": "ab86fc1a-8d57-483d-b1f4-dcfe07b9f8b3",
              "parentUUID": "1c7d027b-b8b3-4582-ae2c-3c078e86e033",
              "isHook": false,
              "skipped": false
            },
            {
              "title": "Product purchase with logging  undefined",
              "fullTitle": "Product purchase Product purchase with logging  undefined",
              "timedOut": null,
              "duration": 7601,
              "state": "passed",
              "speed": "medium",
              "pass": true,
              "fail": false,
              "pending": false,
              "context": null,
              "code": "_LoginPage.default.fillSignupNameTxt();\n_LoginPage.default.fillSignupEmailTxt();\n_LoginPage.default.clickSignupBtn();\n// new user form\n_ProductPage.default.checkBox();\n_ProductPage.default.fillNameInput('John');\n_ProductPage.default.fillLastNameInput('Doe');\n_ProductPage.default.fillPasswordInput('password123');\n_ProductPage.default.fillDayInput('15');\n_ProductPage.default.fillMonthsInput('March');\n_ProductPage.default.fillYearsInput('1990');\n_ProductPage.default.fillAddressInput('123 Main St');\n_ProductPage.default.fillCityInput('New York');\n_ProductPage.default.fillStateInput('NY');\n_ProductPage.default.fillZipCodeInput('10001');\n_ProductPage.default.fillMobileNumberInput('1234567890');\n_ProductPage.default.fillCreateAccountBtn();\n_ProductPage.default.validateCreateAccountLbl();",
              "err": {},
              "uuid": "7828692c-cb2c-48e8-898e-ecf354a90ac2",
              "parentUUID": "1c7d027b-b8b3-4582-ae2c-3c078e86e033",
              "isHook": false,
              "skipped": false
            }
          ],
          "suites": [],
          "passes": [
            "73b1a5c3-a2dc-4c0d-b571-177ec8ad6681",
            "ab86fc1a-8d57-483d-b1f4-dcfe07b9f8b3",
            "7828692c-cb2c-48e8-898e-ecf354a90ac2"
          ],
          "failures": [],
          "pending": [],
          "skipped": [],
          "duration": 38804,
          "root": false,
          "rootEmpty": false,
          "_timeout": 2000
        }
      ],
      "passes": [],
      "failures": [],
      "pending": [],
      "skipped": [],
      "duration": 0,
      "root": true,
      "rootEmpty": true,
      "_timeout": 2000
    }
  ],
  "meta": {
    "mocha": {
      "version": "7.0.1"
    },
    "mochawesome": {
      "options": {
        "quiet": false,
        "reportFilename": "mochawesome",
        "saveHtml": true,
        "saveJson": true,
        "consoleReporter": "spec",
        "useInlineDiffs": false,
        "code": true
      },
      "version": "7.1.3"
    },
    "marge": {
      "options": {
        "reportDir": "cypress/reports",
        "overwrite": false,
        "html": true,
        "json": true,
        "saveAllAttempts": true,
        "ignoreVideos": true
      },
      "version": "6.2.0"
    }
  }
}